<?xml version="1.0" encoding="UTF-8"?>
<TestRun id="98ff299d-b9d6-4c50-b8c8-fa205b4c32cc" name="s.roth@DEV4167 2013-06-11 16:01:01" runUser="EXT\s.roth" xmlns="http://microsoft.com/schemas/VisualStudio/TeamTest/2010">
  <TestSettings name="Lokal" id="b2d2d2c3-79e7-47e7-bc47-7ecb5392ced3">
    <Description>Dies sind die standardmäßigen Testeinstellungen für einen lokalen Testlauf.</Description>
    <Deployment enabled="false" runDeploymentRoot="s.roth_DEV4167 2013-06-11 16_01_01">
      <DeploymentItem filename="C:\Program Files (x86)\Microsoft ASP.NET\ASP.NET Web Pages\v2.0\Assemblies\WebMatrix.Data.dll" />
      <DeploymentItem filename="C:\Users\s.roth\Documents\Visual Studio 2010\Projects\OnlineShop\packages\DotNetOpenAuth.Core.4.0.3.12153\lib\net40-full\DotNetOpenAuth.Core.dll" />
      <DeploymentItem filename="C:\Program Files (x86)\Microsoft ASP.NET\ASP.NET MVC 4\Assemblies\System.Web.Mvc.dll" />
      <DeploymentItem filename="C:\Users\s.roth\Documents\Visual Studio 2010\Projects\OnlineShop\packages\DotNetOpenAuth.OpenId.RelyingParty.4.0.3.12153\lib\net40-full\DotNetOpenAuth.OpenId.RelyingParty.dll" />
      <DeploymentItem filename="C:\Users\s.roth\Documents\Visual Studio 2010\Projects\OnlineShop\packages\EntityFramework.5.0.0\lib\net40\EntityFramework.dll" />
      <DeploymentItem filename="C:\Users\s.roth\Documents\Visual Studio 2010\Projects\OnlineShop\packages\Newtonsoft.Json.4.5.6\lib\net40\Newtonsoft.Json.dll" />
      <DeploymentItem filename="C:\Program Files (x86)\Microsoft ASP.NET\ASP.NET Web Pages\v2.0\Assemblies\System.Web.WebPages.Razor.dll" />
      <DeploymentItem filename="C:\Program Files (x86)\Microsoft ASP.NET\ASP.NET Web Pages\v2.0\Assemblies\Microsoft.Web.WebPages.OAuth.dll" />
      <DeploymentItem filename="C:\Program Files (x86)\Microsoft ASP.NET\ASP.NET Web Pages\v2.0\Assemblies\System.Web.WebPages.Deployment.dll" />
      <DeploymentItem filename="C:\Users\s.roth\Documents\Visual Studio 2010\Projects\OnlineShop\packages\DotNetOpenAuth.OpenId.Core.4.0.3.12153\lib\net40-full\DotNetOpenAuth.OpenId.dll" />
      <DeploymentItem filename="C:\Program Files (x86)\Microsoft ASP.NET\ASP.NET Web Pages\v2.0\Assemblies\System.Web.Razor.dll" />
      <DeploymentItem filename="C:\Users\s.roth\Documents\Visual Studio 2010\Projects\OnlineShop\packages\DotNetOpenAuth.OAuth.Consumer.4.0.3.12153\lib\net40-full\DotNetOpenAuth.OAuth.Consumer.dll" />
      <DeploymentItem filename="C:\Program Files (x86)\Microsoft ASP.NET\ASP.NET Web Pages\v2.0\Assemblies\System.Web.WebPages.dll" />
      <DeploymentItem filename="C:\Users\s.roth\Documents\Visual Studio 2010\Projects\OnlineShop\packages\Microsoft.AspNet.Web.Optimization.1.0.0\lib\net40\System.Web.Optimization.dll" />
      <DeploymentItem filename="C:\Program Files (x86)\Microsoft ASP.NET\ASP.NET MVC 4\Assemblies\System.Net.Http.dll" />
      <DeploymentItem filename="C:\Program Files (x86)\Microsoft ASP.NET\ASP.NET Web Pages\v2.0\Assemblies\System.Web.Helpers.dll" />
      <DeploymentItem filename="C:\Users\s.roth\Documents\Visual Studio 2010\Projects\OnlineShop\packages\WebGrease.1.1.0\lib\Antlr3.Runtime.dll" />
      <DeploymentItem filename="C:\Users\s.roth\Documents\Visual Studio 2010\Projects\OnlineShop\packages\WebGrease.1.1.0\lib\WebGrease.dll" />
      <DeploymentItem filename="C:\Users\s.roth\Documents\Visual Studio 2010\Projects\OnlineShop\Online_Shop\bin\Online_Shop.dll" />
      <DeploymentItem filename="C:\Program Files (x86)\Microsoft ASP.NET\ASP.NET Web Pages\v2.0\Assemblies\Microsoft.Web.Infrastructure.dll" />
      <DeploymentItem filename="C:\Program Files (x86)\Microsoft ASP.NET\ASP.NET MVC 4\Assemblies\System.Web.Http.dll" />
      <DeploymentItem filename="C:\Users\s.roth\Documents\Visual Studio 2010\Projects\OnlineShop\packages\DotNetOpenAuth.AspNet.4.0.3.12153\lib\net40-full\DotNetOpenAuth.AspNet.dll" />
      <DeploymentItem filename="C:\Program Files (x86)\Microsoft ASP.NET\ASP.NET MVC 4\Assemblies\System.Net.Http.WebRequest.dll" />
      <DeploymentItem filename="C:\Users\s.roth\Documents\Visual Studio 2010\Projects\OnlineShop\packages\DotNetOpenAuth.OAuth.Core.4.0.3.12153\lib\net40-full\DotNetOpenAuth.OAuth.dll" />
      <DeploymentItem filename="C:\Program Files (x86)\Microsoft ASP.NET\ASP.NET MVC 4\Assemblies\System.Net.Http.Formatting.dll" />
      <DeploymentItem filename="C:\Program Files (x86)\Microsoft ASP.NET\ASP.NET MVC 4\Assemblies\System.Web.Http.WebHost.dll" />
      <DeploymentItem filename="C:\Program Files (x86)\Microsoft ASP.NET\ASP.NET Web Pages\v2.0\Assemblies\WebMatrix.WebData.dll" />
    </Deployment>
    <Execution>
      <TestTypeSpecific />
      <AgentRule name="Execution Agents">
      </AgentRule>
    </Execution>
  </TestSettings>
  <Times creation="2013-06-11T16:01:01.3745285+02:00" queuing="2013-06-11T16:01:01.4855396+02:00" start="2013-06-11T16:01:01.5155426+02:00" finish="2013-06-11T16:01:03.5847495+02:00" />
  <ResultSummary outcome="Completed">
    <Counters total="1" executed="1" passed="1" error="0" failed="0" timeout="0" aborted="0" inconclusive="0" passedButRunAborted="0" notRunnable="0" notExecuted="0" disconnected="0" warning="0" completed="0" inProgress="0" pending="0" />
  </ResultSummary>
  <TestDefinitions>
    <UnitTest name="Details" storage="c:\users\s.roth\documents\visual studio 2010\projects\onlineshop\unittestsonlineshop\bin\debug\unittestsonlineshop.dll" id="ae50a400-3cf2-d59a-b1dd-878135e94f25">
      <Execution id="69ebbd24-ae2f-4ffd-a70e-1be2f1eefaa2" />
      <TestMethod codeBase="C:/Users/s.roth/Documents/Visual Studio 2010/Projects/OnlineShop/UnitTestsOnlineShop/bin/Debug/UnitTestsOnlineShop.DLL" adapterTypeName="Microsoft.VisualStudio.TestTools.TestTypes.Unit.UnitTestAdapter, Microsoft.VisualStudio.QualityTools.Tips.UnitTest.Adapter, Version=10.0.0.0, Culture=neutral, PublicKeyToken=b03f5f7f11d50a3a" className="UnitTestsOnlineShop.Pos_BeanBagsControllerTest, UnitTestsOnlineShop, Version=1.0.0.0, Culture=neutral, PublicKeyToken=null" name="Details" />
    </UnitTest>
  </TestDefinitions>
  <TestLists>
    <TestList name="Nicht in einer Liste enthaltene Ergebnisse" id="8c84fa94-04c1-424b-9868-57a2d4851a1d" />
    <TestList name="Alle geladenen Ergebnisse" id="19431567-8539-422a-85d7-44ee4e166bda" />
  </TestLists>
  <TestEntries>
    <TestEntry testId="ae50a400-3cf2-d59a-b1dd-878135e94f25" executionId="69ebbd24-ae2f-4ffd-a70e-1be2f1eefaa2" testListId="8c84fa94-04c1-424b-9868-57a2d4851a1d" />
  </TestEntries>
  <Results>
    <UnitTestResult executionId="69ebbd24-ae2f-4ffd-a70e-1be2f1eefaa2" testId="ae50a400-3cf2-d59a-b1dd-878135e94f25" testName="Details" computerName="DEV4167" duration="00:00:01.6015863" startTime="2013-06-11T16:01:01.5515462+02:00" endTime="2013-06-11T16:01:03.5417452+02:00" testType="13cdc9d9-ddb5-4fa4-a97d-d965ccfc6d4b" outcome="Passed" testListId="8c84fa94-04c1-424b-9868-57a2d4851a1d" relativeResultsDirectory="69ebbd24-ae2f-4ffd-a70e-1be2f1eefaa2">
    </UnitTestResult>
  </Results>
</TestRun>